<?xml version="1.0" encoding="UTF-8"?>
<testsuite name="coffee.CoffeeControllerTest" tests="4" skipped="0" failures="0" errors="0" timestamp="2023-04-10T22:11:33" hostname="Jimmys-Mac-mini" time="0.264">
  <properties/>
  <testcase name="delete()" classname="coffee.CoffeeControllerTest" time="0.22"/>
  <testcase name="getAll()" classname="coffee.CoffeeControllerTest" time="0.017"/>
  <testcase name="add()" classname="coffee.CoffeeControllerTest" time="0.006"/>
  <testcase name="get()" classname="coffee.CoffeeControllerTest" time="0.018"/>
  <system-out><![CDATA[18:11:32.119 [Test worker] DEBUG org.springframework.boot.test.context.SpringBootTestContextBootstrapper - Neither @ContextConfiguration nor @ContextHierarchy found for test class [CoffeeControllerTest]: using SpringBootContextLoader
18:11:32.121 [Test worker] DEBUG org.springframework.test.context.support.AbstractContextLoader - Could not detect default resource locations for test class [coffee.CoffeeControllerTest]: no resource found for suffixes {-context.xml, Context.groovy}.
18:11:32.123 [Test worker] INFO org.springframework.test.context.support.AnnotationConfigContextLoaderUtils - Could not detect default configuration classes for test class [coffee.CoffeeControllerTest]: CoffeeControllerTest does not declare any static, non-private, non-final, nested classes annotated with @Configuration.
18:11:32.131 [Test worker] DEBUG org.springframework.boot.test.context.SpringBootTestContextBootstrapper - Using ContextCustomizers for test class [CoffeeControllerTest]: [DisableObservabilityContextCustomizer, PropertyMappingContextCustomizer, Customizer, ExcludeFilterContextCustomizer, DuplicateJsonObjectContextCustomizer, MockitoContextCustomizer, TestRestTemplateContextCustomizer, WebTestClientContextCustomizer]
18:11:32.161 [Test worker] DEBUG org.springframework.context.annotation.ClassPathScanningCandidateComponentProvider - Identified candidate component class: file [/Users/jimmyshah/Documents/workspace/spring-data-reactive-redis/spring-data-reactive-redis/build/classes/java/main/coffee/ReactiveRedisApplication.class]
18:11:32.161 [Test worker] INFO org.springframework.boot.test.context.SpringBootTestContextBootstrapper - Found @SpringBootConfiguration coffee.ReactiveRedisApplication for test class coffee.CoffeeControllerTest
18:11:32.188 [Test worker] DEBUG org.springframework.test.context.util.TestContextSpringFactoriesUtils - Skipping candidate TestExecutionListener [org.springframework.test.context.web.ServletTestExecutionListener] due to a missing dependency. Specify custom TestExecutionListener classes or make the default TestExecutionListener classes and their required dependencies available. Offending class: [jakarta/servlet/ServletContext]
18:11:32.193 [Test worker] DEBUG org.springframework.boot.test.context.SpringBootTestContextBootstrapper - Using TestExecutionListeners for test class [CoffeeControllerTest]: [DirtiesContextBeforeModesTestExecutionListener, ApplicationEventsTestExecutionListener, MockitoTestExecutionListener, DependencyInjectionTestExecutionListener, DirtiesContextTestExecutionListener, TransactionalTestExecutionListener, SqlScriptsTestExecutionListener, EventPublishingTestExecutionListener, RestDocsTestExecutionListener, MockRestServiceServerResetTestExecutionListener, MockMvcPrintOnlyOnFailureTestExecutionListener, WebDriverTestExecutionListener, MockWebServiceServerTestExecutionListener, ResetMocksTestExecutionListener]
18:11:32.193 [Test worker] DEBUG org.springframework.test.context.support.AbstractDirtiesContextTestExecutionListener - Before test class: class [CoffeeControllerTest], class annotated with @DirtiesContext [false] with mode [null]
18:11:32.429 [Test worker] DEBUG org.springframework.test.context.support.DependencyInjectionTestExecutionListener - Performing dependency injection for test class coffee.CoffeeControllerTest

  .   ____          _            __ _ _
 /\\ / ___'_ __ _ _(_)_ __  __ _ \ \ \ \
( ( )\___ | '_ | '_| | '_ \/ _` | \ \ \ \
 \\/  ___)| |_)| | | | | || (_| |  ) ) ) )
  '  |____| .__|_| |_|_| |_\__, | / / / /
 =========|_|==============|___/=/_/_/_/
 :: Spring Boot ::                (v3.0.0)

2023-04-10T18:11:32.539-04:00  INFO 10878 --- [    Test worker] coffee.CoffeeControllerTest              : Starting CoffeeControllerTest using Java 19.0.2 with PID 10878 (started by jimmyshah in /Users/jimmyshah/Documents/workspace/spring-data-reactive-redis/spring-data-reactive-redis)
2023-04-10T18:11:32.539-04:00  INFO 10878 --- [    Test worker] coffee.CoffeeControllerTest              : No active profile set, falling back to 1 default profile: "default"
2023-04-10T18:11:32.704-04:00  INFO 10878 --- [    Test worker] .s.d.r.c.RepositoryConfigurationDelegate : Multiple Spring Data modules found, entering strict repository configuration mode
2023-04-10T18:11:32.705-04:00  INFO 10878 --- [    Test worker] .s.d.r.c.RepositoryConfigurationDelegate : Bootstrapping Spring Data Redis repositories in DEFAULT mode.
2023-04-10T18:11:32.715-04:00  INFO 10878 --- [    Test worker] .s.d.r.c.RepositoryConfigurationDelegate : Finished Spring Data repository scanning in 4 ms. Found 0 Redis repository interfaces.
2023-04-10T18:11:32.893-04:00 ERROR 10878 --- [    Test worker] i.n.r.d.DnsServerAddressStreamProviders  : Unable to load io.netty.resolver.dns.macos.MacOSDnsServerAddressStreamProvider, fallback to system defaults. This may result in incorrect DNS resolutions on MacOS. Check whether you have a dependency on 'io.netty:netty-resolver-dns-native-macos'. Use DEBUG level to see the full stack: java.lang.UnsatisfiedLinkError: failed to load the required native library
Coffee(id=a68b7970-b729-436e-b79d-a7ab4ec8fd49, name=Darth Redis)
Coffee(id=2a812ddb-8a7a-4630-9b96-eba6b1a3e8e6, name=Black Alert Redis)
Coffee(id=e3bd14f5-e5a2-42bb-93ec-9fa011a363f0, name=Jet Black Redis)
2023-04-10T18:11:33.266-04:00  INFO 10878 --- [    Test worker] o.s.b.web.embedded.netty.NettyWebServer  : Netty started on port 61028
2023-04-10T18:11:33.270-04:00  INFO 10878 --- [    Test worker] coffee.CoffeeControllerTest              : Started CoffeeControllerTest in 0.831 seconds (process running for 1.464)
2023-04-10T18:11:33.555-04:00  INFO 10878 --- [    Test worker] redis.embedded.AbstractRedisInstance     : Stopping redis server...
2023-04-10T18:11:33.596-04:00  INFO 10878 --- [    Test worker] redis.embedded.AbstractRedisInstance     : Redis exited
]]></system-out>
  <system-err><![CDATA[]]></system-err>
</testsuite>
